{"uuid":"f5ce7b0d-1f93-48dc-84b6-7e584bc5bb30","historyId":"dcea7653d342bc6984e2bbf4afdf14","fullName":"basePackage.basePage.setUp","labels":[{"name":"package","value":"testCases.testDropDownSearchDemoPage"},{"name":"testClass","value":"testCases.testDropDownSearchDemoPage"},{"name":"testMethod","value":"setUp"},{"name":"parentSuite","value":"Default Suite"},{"name":"suite","value":"java_lanbdaTest"},{"name":"subSuite","value":"testCases.testDropDownSearchDemoPage"},{"name":"host","value":"Abhi"},{"name":"thread","value":"8776@Abhi.main(1)"},{"name":"framework","value":"testng"},{"name":"language","value":"java"},{"name":"AS_ID","value":"-1"}],"links":[],"name":"setUp","status":"broken","statusDetails":{"known":false,"muted":false,"flaky":false,"message":"Unable to obtain: Capabilities {browserName: chrome, goog:chromeOptions: {args: [--remote-allow-origins=*], extensions: []}}, error Command failed with code: -1073740791, executed: [C:\\Users\\Abhi\\AppData\\Local\\Temp\\selenium-manager51227898687001113996277106573028\\selenium-manager.exe, --browser, chrome, --output, json]\nthread 'main' panicked at 'called `Result::unwrap()` on an `Err` value: Os { code: 5, kind: PermissionDenied, message: \"Access is denied.\" }', src\\metadata.rs:164:6\nnote: run with `RUST_BACKTRACE=1` environment variable to display a backtrace\n","trace":"org.openqa.selenium.remote.NoSuchDriverException: Unable to obtain: Capabilities {browserName: chrome, goog:chromeOptions: {args: [--remote-allow-origins=*], extensions: []}}, error Command failed with code: -1073740791, executed: [C:\\Users\\Abhi\\AppData\\Local\\Temp\\selenium-manager51227898687001113996277106573028\\selenium-manager.exe, --browser, chrome, --output, json]\nthread 'main' panicked at 'called `Result::unwrap()` on an `Err` value: Os { code: 5, kind: PermissionDenied, message: \"Access is denied.\" }', src\\metadata.rs:164:6\nnote: run with `RUST_BACKTRACE=1` environment variable to display a backtrace\n\r\n\tat org.openqa.selenium.remote.service.DriverFinder.getPath(DriverFinder.java:25)\r\n\tat org.openqa.selenium.remote.service.DriverFinder.getPath(DriverFinder.java:13)\r\n\tat org.openqa.selenium.chrome.ChromeDriver.generateExecutor(ChromeDriver.java:99)\r\n\tat org.openqa.selenium.chrome.ChromeDriver.<init>(ChromeDriver.java:88)\r\n\tat org.openqa.selenium.chrome.ChromeDriver.<init>(ChromeDriver.java:83)\r\n\tat org.openqa.selenium.chrome.ChromeDriver.<init>(ChromeDriver.java:72)\r\n\tat basePackage.basePage.setUp(basePage.java:46)\r\n\tat java.base/jdk.internal.reflect.DirectMethodHandleAccessor.invoke(DirectMethodHandleAccessor.java:104)\r\n\tat java.base/java.lang.reflect.Method.invoke(Method.java:577)\r\n\tat org.testng.internal.MethodInvocationHelper.invokeMethod(MethodInvocationHelper.java:134)\r\n\tat org.testng.internal.MethodInvocationHelper.invokeMethodConsideringTimeout(MethodInvocationHelper.java:63)\r\n\tat org.testng.internal.ConfigInvoker.invokeConfigurationMethod(ConfigInvoker.java:348)\r\n\tat org.testng.internal.ConfigInvoker.invokeConfigurations(ConfigInvoker.java:302)\r\n\tat org.testng.internal.TestInvoker.runConfigMethods(TestInvoker.java:695)\r\n\tat org.testng.internal.TestInvoker.invokeMethod(TestInvoker.java:523)\r\n\tat org.testng.internal.TestInvoker.invokeTestMethod(TestInvoker.java:173)\r\n\tat org.testng.internal.MethodRunner.runInSequence(MethodRunner.java:46)\r\n\tat org.testng.internal.TestInvoker$MethodInvocationAgent.invoke(TestInvoker.java:816)\r\n\tat org.testng.internal.TestInvoker.invokeTestMethods(TestInvoker.java:146)\r\n\tat org.testng.internal.TestMethodWorker.invokeTestMethods(TestMethodWorker.java:146)\r\n\tat org.testng.internal.TestMethodWorker.run(TestMethodWorker.java:128)\r\n\tat java.base/java.util.ArrayList.forEach(ArrayList.java:1511)\r\n\tat org.testng.TestRunner.privateRun(TestRunner.java:766)\r\n\tat org.testng.TestRunner.run(TestRunner.java:587)\r\n\tat org.testng.SuiteRunner.runTest(SuiteRunner.java:384)\r\n\tat org.testng.SuiteRunner.runSequentially(SuiteRunner.java:378)\r\n\tat org.testng.SuiteRunner.privateRun(SuiteRunner.java:337)\r\n\tat org.testng.SuiteRunner.run(SuiteRunner.java:286)\r\n\tat org.testng.SuiteRunnerWorker.runSuite(SuiteRunnerWorker.java:53)\r\n\tat org.testng.SuiteRunnerWorker.run(SuiteRunnerWorker.java:96)\r\n\tat org.testng.TestNG.runSuitesSequentially(TestNG.java:1187)\r\n\tat org.testng.TestNG.runSuitesLocally(TestNG.java:1109)\r\n\tat org.testng.TestNG.runSuites(TestNG.java:1039)\r\n\tat org.testng.TestNG.run(TestNG.java:1007)\r\n\tat com.intellij.rt.testng.IDEARemoteTestNG.run(IDEARemoteTestNG.java:65)\r\n\tat com.intellij.rt.testng.RemoteTestNGStarter.main(RemoteTestNGStarter.java:105)\r\nCaused by: org.openqa.selenium.WebDriverException: Command failed with code: -1073740791, executed: [C:\\Users\\Abhi\\AppData\\Local\\Temp\\selenium-manager51227898687001113996277106573028\\selenium-manager.exe, --browser, chrome, --output, json]\nthread 'main' panicked at 'called `Result::unwrap()` on an `Err` value: Os { code: 5, kind: PermissionDenied, message: \"Access is denied.\" }', src\\metadata.rs:164:6\nnote: run with `RUST_BACKTRACE=1` environment variable to display a backtrace\n\r\n\tat org.openqa.selenium.manager.SeleniumManager.runCommand(SeleniumManager.java:151)\r\n\tat org.openqa.selenium.manager.SeleniumManager.getDriverPath(SeleniumManager.java:273)\r\n\tat org.openqa.selenium.remote.service.DriverFinder.getPath(DriverFinder.java:22)\r\n\t... 35 more\r\nCaused by: org.openqa.selenium.json.JsonException: Unable to parse: thread 'main' panicked at 'called `Result::unwrap()` on an `Err` value: Os { code: 5, kind: PermissionDenied, message: \"Access is denied.\" }', src\\metadata.rs:164:6\nnote: run with `RUST_BACKTRACE=1` environment variable to display a backtrace\n\r\n\tat org.openqa.selenium.json.Json.toType(Json.java:62)\r\n\tat org.openqa.selenium.json.Json.toType(Json.java:55)\r\n\tat org.openqa.selenium.manager.SeleniumManager.runCommand(SeleniumManager.java:131)\r\n\t... 37 more\r\nCaused by: org.openqa.selenium.json.JsonException: Expected to read a START_MAP but instead have: BOOLEAN. Last 0 characters read: \nBuild info: version: '4.11.0', revision: '040bc5406b'\nSystem info: os.name: 'Windows 11', os.arch: 'amd64', os.version: '10.0', java.version: '18.0.2.1'\nDriver info: driver.version: ChromeDriver\r\n\tat org.openqa.selenium.json.JsonInput.expect(JsonInput.java:315)\r\n\tat org.openqa.selenium.json.JsonInput.beginObject(JsonInput.java:238)\r\n\tat org.openqa.selenium.json.InstanceCoercer.lambda$apply$0(InstanceCoercer.java:76)\r\n\tat org.openqa.selenium.json.JsonTypeCoercer.lambda$buildCoercer$6(JsonTypeCoercer.java:163)\r\n\tat org.openqa.selenium.json.JsonTypeCoercer.coerce(JsonTypeCoercer.java:145)\r\n\tat org.openqa.selenium.json.Json.toType(Json.java:76)\r\n\tat org.openqa.selenium.json.Json.toType(Json.java:60)\r\n\t... 39 more\r\n"},"stage":"finished","steps":[],"attachments":[],"parameters":[],"start":1731574332957,"stop":1731574332965}